19:46:30.502 [main] INFO  com.dividend.DividendApplication - Starting DividendApplication using Java 11.0.0.1 on DESKTOP-0JUOQ95 with PID 21160 (D:\zerobase\mission\spring mission\dividend\dividend\build\classes\java\main started by gomlj in D:\zerobase\mission\spring mission\dividend\dividend)
19:46:30.502 [background-preinit] INFO  o.h.validator.internal.util.Version - HV000001: Hibernate Validator 6.2.0.Final
19:46:30.505 [main] INFO  com.dividend.DividendApplication - No active profile set, falling back to default profiles: default
19:46:31.090 [main] INFO  o.s.d.r.c.RepositoryConfigurationDelegate - Multiple Spring Data modules found, entering strict repository configuration mode!
19:46:31.091 [main] INFO  o.s.d.r.c.RepositoryConfigurationDelegate - Bootstrapping Spring Data JPA repositories in DEFAULT mode.
19:46:31.161 [main] INFO  o.s.d.r.c.RepositoryConfigurationDelegate - Finished Spring Data repository scanning in 55 ms. Found 3 JPA repository interfaces.
19:46:31.175 [main] INFO  o.s.d.r.c.RepositoryConfigurationDelegate - Multiple Spring Data modules found, entering strict repository configuration mode!
19:46:31.176 [main] INFO  o.s.d.r.c.RepositoryConfigurationDelegate - Bootstrapping Spring Data Redis repositories in DEFAULT mode.
19:46:31.187 [main] INFO  o.s.d.r.c.RepositoryConfigurationExtensionSupport - Spring Data Redis - Could not safely identify store assignment for repository candidate interface com.dividend.persist.CompanyRepository. If you want this repository to be a Redis repository, consider annotating your entities with one of these annotations: org.springframework.data.redis.core.RedisHash (preferred), or consider extending one of the following types with your repository: org.springframework.data.keyvalue.repository.KeyValueRepository.
19:46:31.188 [main] INFO  o.s.d.r.c.RepositoryConfigurationExtensionSupport - Spring Data Redis - Could not safely identify store assignment for repository candidate interface com.dividend.persist.DividendRepository. If you want this repository to be a Redis repository, consider annotating your entities with one of these annotations: org.springframework.data.redis.core.RedisHash (preferred), or consider extending one of the following types with your repository: org.springframework.data.keyvalue.repository.KeyValueRepository.
19:46:31.189 [main] INFO  o.s.d.r.c.RepositoryConfigurationExtensionSupport - Spring Data Redis - Could not safely identify store assignment for repository candidate interface com.dividend.persist.MemberRepository. If you want this repository to be a Redis repository, consider annotating your entities with one of these annotations: org.springframework.data.redis.core.RedisHash (preferred), or consider extending one of the following types with your repository: org.springframework.data.keyvalue.repository.KeyValueRepository.
19:46:31.189 [main] INFO  o.s.d.r.c.RepositoryConfigurationDelegate - Finished Spring Data repository scanning in 7 ms. Found 0 Redis repository interfaces.
19:46:31.415 [main] INFO  o.s.c.s.PostProcessorRegistrationDelegate$BeanPostProcessorChecker - Bean 'org.springframework.security.access.expression.method.DefaultMethodSecurityExpressionHandler@6fcd31c3' of type [org.springframework.security.access.expression.method.DefaultMethodSecurityExpressionHandler] is not eligible for getting processed by all BeanPostProcessors (for example: not eligible for auto-proxying)
19:46:31.419 [main] INFO  o.s.c.s.PostProcessorRegistrationDelegate$BeanPostProcessorChecker - Bean 'methodSecurityMetadataSource' of type [org.springframework.security.access.method.DelegatingMethodSecurityMetadataSource] is not eligible for getting processed by all BeanPostProcessors (for example: not eligible for auto-proxying)
19:46:31.578 [main] INFO  o.s.b.w.e.tomcat.TomcatWebServer - Tomcat initialized with port(s): 8080 (http)
19:46:31.584 [main] INFO  o.a.coyote.http11.Http11NioProtocol - Initializing ProtocolHandler ["http-nio-8080"]
19:46:31.585 [main] INFO  o.a.catalina.core.StandardService - Starting service [Tomcat]
19:46:31.585 [main] INFO  o.a.catalina.core.StandardEngine - Starting Servlet engine: [Apache Tomcat/9.0.54]
19:46:31.675 [main] INFO  o.a.c.c.C.[Tomcat].[localhost].[/] - Initializing Spring embedded WebApplicationContext
19:46:31.675 [main] INFO  o.s.b.w.s.c.ServletWebServerApplicationContext - Root WebApplicationContext: initialization completed in 1137 ms
19:46:31.699 [main] INFO  com.zaxxer.hikari.HikariDataSource - HikariPool-1 - Starting...
19:46:31.769 [main] INFO  com.zaxxer.hikari.HikariDataSource - HikariPool-1 - Start completed.
19:46:31.772 [main] INFO  o.s.b.a.h.H2ConsoleAutoConfiguration - H2 console available at '/h2-console'. Database available at 'jdbc:h2:mem:dividend'
19:46:31.861 [main] INFO  o.h.jpa.internal.util.LogHelper - HHH000204: Processing PersistenceUnitInfo [name: default]
19:46:31.894 [main] INFO  org.hibernate.Version - HHH000412: Hibernate ORM core version 5.4.32.Final
19:46:31.976 [main] INFO  o.h.annotations.common.Version - HCANN000001: Hibernate Commons Annotations {5.1.2.Final}
19:46:32.053 [main] INFO  org.hibernate.dialect.Dialect - HHH000400: Using dialect: org.hibernate.dialect.H2Dialect
19:46:32.483 [main] INFO  o.h.e.t.j.p.i.JtaPlatformInitiator - HHH000490: Using JtaPlatform implementation: [org.hibernate.engine.transaction.jta.platform.internal.NoJtaPlatform]
19:46:32.489 [main] INFO  o.s.o.j.LocalContainerEntityManagerFactoryBean - Initialized JPA EntityManagerFactory for persistence unit 'default'
19:46:32.991 [main] WARN  o.s.b.a.o.j.JpaBaseConfiguration$JpaWebConfiguration - spring.jpa.open-in-view is enabled by default. Therefore, database queries may be performed during view rendering. Explicitly configure spring.jpa.open-in-view to disable this warning
19:46:33.089 [main] INFO  o.s.s.web.DefaultSecurityFilterChain - Will secure Ant [pattern='/h2-console/**'] with []
19:46:33.120 [main] INFO  o.s.s.web.DefaultSecurityFilterChain - Will secure any request with [org.springframework.security.web.context.request.async.WebAsyncManagerIntegrationFilter@6a8ab98f, org.springframework.security.web.context.SecurityContextPersistenceFilter@6892d403, org.springframework.security.web.header.HeaderWriterFilter@5f596a1a, org.springframework.security.web.authentication.logout.LogoutFilter@757f47f0, com.dividend.security.JwtAuthenticationFilter@790d629a, org.springframework.security.web.savedrequest.RequestCacheAwareFilter@1f7b1d6a, org.springframework.security.web.servletapi.SecurityContextHolderAwareRequestFilter@1ccce165, org.springframework.security.web.authentication.AnonymousAuthenticationFilter@4d529bc0, org.springframework.security.web.session.SessionManagementFilter@1e37cb10, org.springframework.security.web.access.ExceptionTranslationFilter@85eba52, org.springframework.security.web.access.intercept.FilterSecurityInterceptor@4afdb05e]
19:46:33.478 [main] INFO  o.a.coyote.http11.Http11NioProtocol - Starting ProtocolHandler ["http-nio-8080"]
19:46:33.492 [main] INFO  o.s.b.w.e.tomcat.TomcatWebServer - Tomcat started on port(s): 8080 (http) with context path ''
19:46:33.502 [main] INFO  com.dividend.DividendApplication - Started DividendApplication in 3.357 seconds (JVM running for 3.957)
19:46:46.600 [http-nio-8080-exec-2] INFO  o.a.c.c.C.[Tomcat].[localhost].[/] - Initializing Spring DispatcherServlet 'dispatcherServlet'
19:46:46.600 [http-nio-8080-exec-2] INFO  o.s.web.servlet.DispatcherServlet - Initializing Servlet 'dispatcherServlet'
19:46:46.601 [http-nio-8080-exec-2] INFO  o.s.web.servlet.DispatcherServlet - Completed initialization in 0 ms
19:47:36.112 [http-nio-8080-exec-4] INFO  c.d.s.m.s.YahooFinanceScrapper - dividend scrap is started!
19:47:38.680 [http-nio-8080-exec-4] INFO  c.d.s.m.s.YahooFinanceScrapper - dividend scrap is end!
19:48:19.149 [http-nio-8080-exec-5] INFO  c.d.s.c.nonScheduled.FinanceService - 요청받은 3M Company 회사의 배당금 조회 서비스 시작
19:48:19.150 [http-nio-8080-exec-5] INFO  c.d.s.c.nonScheduled.FinanceService - 요청받은 3M Company 회사를 데이터베이스에서 조회 시작
19:48:19.155 [http-nio-8080-exec-5] INFO  c.d.s.c.nonScheduled.FinanceService - 요청받은 3M Company 회사를 데이터베이스에서 조회 끝
19:48:19.155 [http-nio-8080-exec-5] INFO  c.d.s.c.nonScheduled.FinanceService - 요청받은 3M Company 회사의 배당금 조회 시작
19:48:19.161 [http-nio-8080-exec-5] INFO  c.d.s.c.nonScheduled.FinanceService - 요청받은 3M Company 회사의 배당금 조회 끝
19:48:19.162 [http-nio-8080-exec-5] INFO  c.d.s.c.nonScheduled.FinanceService - 요청받은 3M Company 회사의 배당금 조회 서비스 끝
19:48:19.176 [http-nio-8080-exec-5] INFO  c.d.e.h.PreDefinedExceptionHandler - class org.springframework.data.redis.RedisSystemExceptionis occurred!
20:46:21.814 [SpringApplicationShutdownHook] INFO  o.s.o.j.LocalContainerEntityManagerFactoryBean - Closing JPA EntityManagerFactory for persistence unit 'default'
20:46:21.816 [SpringApplicationShutdownHook] INFO  com.zaxxer.hikari.HikariDataSource - HikariPool-1 - Shutdown initiated...
20:46:21.818 [SpringApplicationShutdownHook] INFO  com.zaxxer.hikari.HikariDataSource - HikariPool-1 - Shutdown completed.
