20:16:42.635 [main] INFO  com.dividend.DividendApplication - Starting DividendApplication using Java 11.0.22 on DESKTOP-J6PKINC with PID 15624 (C:\BackEnd\actual-dividend\dividend\out\production\classes started by Stone in C:\BackEnd\actual-dividend)
20:16:42.631 [background-preinit] INFO  o.h.validator.internal.util.Version - HV000001: Hibernate Validator 6.2.0.Final
20:16:42.650 [main] INFO  com.dividend.DividendApplication - No active profile set, falling back to default profiles: default
20:16:43.861 [main] INFO  o.s.d.r.c.RepositoryConfigurationDelegate - Multiple Spring Data modules found, entering strict repository configuration mode!
20:16:43.862 [main] INFO  o.s.d.r.c.RepositoryConfigurationDelegate - Bootstrapping Spring Data JPA repositories in DEFAULT mode.
20:16:43.978 [main] INFO  o.s.d.r.c.RepositoryConfigurationDelegate - Finished Spring Data repository scanning in 101 ms. Found 2 JPA repository interfaces.
20:16:44.008 [main] INFO  o.s.d.r.c.RepositoryConfigurationDelegate - Multiple Spring Data modules found, entering strict repository configuration mode!
20:16:44.010 [main] INFO  o.s.d.r.c.RepositoryConfigurationDelegate - Bootstrapping Spring Data Redis repositories in DEFAULT mode.
20:16:44.037 [main] INFO  o.s.d.r.c.RepositoryConfigurationExtensionSupport - Spring Data Redis - Could not safely identify store assignment for repository candidate interface com.dividend.repository.CompanyRepository. If you want this repository to be a Redis repository, consider annotating your entities with one of these annotations: org.springframework.data.redis.core.RedisHash (preferred), or consider extending one of the following types with your repository: org.springframework.data.keyvalue.repository.KeyValueRepository.
20:16:44.038 [main] INFO  o.s.d.r.c.RepositoryConfigurationExtensionSupport - Spring Data Redis - Could not safely identify store assignment for repository candidate interface com.dividend.repository.DividendRepository. If you want this repository to be a Redis repository, consider annotating your entities with one of these annotations: org.springframework.data.redis.core.RedisHash (preferred), or consider extending one of the following types with your repository: org.springframework.data.keyvalue.repository.KeyValueRepository.
20:16:44.038 [main] INFO  o.s.d.r.c.RepositoryConfigurationDelegate - Finished Spring Data repository scanning in 9 ms. Found 0 Redis repository interfaces.
20:16:44.898 [main] INFO  o.s.b.w.e.tomcat.TomcatWebServer - Tomcat initialized with port(s): 8080 (http)
20:16:44.913 [main] INFO  o.a.coyote.http11.Http11NioProtocol - Initializing ProtocolHandler ["http-nio-8080"]
20:16:44.914 [main] INFO  o.a.catalina.core.StandardService - Starting service [Tomcat]
20:16:44.915 [main] INFO  o.a.catalina.core.StandardEngine - Starting Servlet engine: [Apache Tomcat/9.0.54]
20:16:45.069 [main] INFO  o.a.c.c.C.[Tomcat].[localhost].[/] - Initializing Spring embedded WebApplicationContext
20:16:45.069 [main] INFO  o.s.b.w.s.c.ServletWebServerApplicationContext - Root WebApplicationContext: initialization completed in 2320 ms
20:16:45.309 [main] INFO  o.h.jpa.internal.util.LogHelper - HHH000204: Processing PersistenceUnitInfo [name: default]
20:16:45.415 [main] INFO  org.hibernate.Version - HHH000412: Hibernate ORM core version 5.4.32.Final
20:16:45.659 [main] INFO  o.h.annotations.common.Version - HCANN000001: Hibernate Commons Annotations {5.1.2.Final}
20:16:45.830 [main] INFO  com.zaxxer.hikari.HikariDataSource - HikariPool-1 - Starting...
20:16:46.293 [main] INFO  com.zaxxer.hikari.HikariDataSource - HikariPool-1 - Start completed.
20:16:46.327 [main] INFO  org.hibernate.dialect.Dialect - HHH000400: Using dialect: org.hibernate.dialect.MySQL8Dialect
20:16:47.531 [main] INFO  o.h.e.t.j.p.i.JtaPlatformInitiator - HHH000490: Using JtaPlatform implementation: [org.hibernate.engine.transaction.jta.platform.internal.NoJtaPlatform]
20:16:47.543 [main] INFO  o.s.o.j.LocalContainerEntityManagerFactoryBean - Initialized JPA EntityManagerFactory for persistence unit 'default'
20:16:47.625 [main] WARN  o.s.b.a.o.j.JpaBaseConfiguration$JpaWebConfiguration - spring.jpa.open-in-view is enabled by default. Therefore, database queries may be performed during view rendering. Explicitly configure spring.jpa.open-in-view to disable this warning
20:16:49.055 [main] INFO  o.s.b.a.s.s.UserDetailsServiceAutoConfiguration - 

Using generated security password: 943e93a8-c4b9-45e9-859b-2bc4c79deaa2

20:16:49.232 [main] INFO  o.s.s.web.DefaultSecurityFilterChain - Will secure any request with [org.springframework.security.web.context.request.async.WebAsyncManagerIntegrationFilter@3e5ed0d4, org.springframework.security.web.context.SecurityContextPersistenceFilter@10ffe32f, org.springframework.security.web.header.HeaderWriterFilter@1dbfbd94, org.springframework.security.web.csrf.CsrfFilter@2f03fdc0, org.springframework.security.web.authentication.logout.LogoutFilter@914ab92, org.springframework.security.web.authentication.UsernamePasswordAuthenticationFilter@278cbf5a, org.springframework.security.web.authentication.ui.DefaultLoginPageGeneratingFilter@1952ad9d, org.springframework.security.web.authentication.ui.DefaultLogoutPageGeneratingFilter@61c0fb12, org.springframework.security.web.authentication.www.BasicAuthenticationFilter@3c717ef2, org.springframework.security.web.savedrequest.RequestCacheAwareFilter@67d55a46, org.springframework.security.web.servletapi.SecurityContextHolderAwareRequestFilter@779136bf, org.springframework.security.web.authentication.AnonymousAuthenticationFilter@56f19f36, org.springframework.security.web.session.SessionManagementFilter@2e3b4394, org.springframework.security.web.access.ExceptionTranslationFilter@12b66c89, org.springframework.security.web.access.intercept.FilterSecurityInterceptor@11678469]
20:16:49.328 [main] INFO  o.a.coyote.http11.Http11NioProtocol - Starting ProtocolHandler ["http-nio-8080"]
20:16:49.362 [main] INFO  o.s.b.w.e.tomcat.TomcatWebServer - Tomcat started on port(s): 8080 (http) with context path ''
20:16:49.374 [main] INFO  com.dividend.DividendApplication - Started DividendApplication in 7.813 seconds (JVM running for 9.197)
20:18:05.445 [SpringApplicationShutdownHook] INFO  o.s.o.j.LocalContainerEntityManagerFactoryBean - Closing JPA EntityManagerFactory for persistence unit 'default'
20:18:05.449 [SpringApplicationShutdownHook] INFO  com.zaxxer.hikari.HikariDataSource - HikariPool-1 - Shutdown initiated...
20:18:05.461 [SpringApplicationShutdownHook] INFO  com.zaxxer.hikari.HikariDataSource - HikariPool-1 - Shutdown completed.
20:18:10.712 [main] INFO  com.dividend.DividendApplication - Starting DividendApplication using Java 11.0.22 on DESKTOP-J6PKINC with PID 18852 (C:\BackEnd\actual-dividend\dividend\out\production\classes started by Stone in C:\BackEnd\actual-dividend)
20:18:10.712 [background-preinit] INFO  o.h.validator.internal.util.Version - HV000001: Hibernate Validator 6.2.0.Final
20:18:10.718 [main] INFO  com.dividend.DividendApplication - No active profile set, falling back to default profiles: default
20:18:11.976 [main] INFO  o.s.d.r.c.RepositoryConfigurationDelegate - Multiple Spring Data modules found, entering strict repository configuration mode!
20:18:11.976 [main] INFO  o.s.d.r.c.RepositoryConfigurationDelegate - Bootstrapping Spring Data JPA repositories in DEFAULT mode.
20:18:12.103 [main] INFO  o.s.d.r.c.RepositoryConfigurationDelegate - Finished Spring Data repository scanning in 105 ms. Found 2 JPA repository interfaces.
20:18:12.135 [main] INFO  o.s.d.r.c.RepositoryConfigurationDelegate - Multiple Spring Data modules found, entering strict repository configuration mode!
20:18:12.137 [main] INFO  o.s.d.r.c.RepositoryConfigurationDelegate - Bootstrapping Spring Data Redis repositories in DEFAULT mode.
20:18:12.158 [main] INFO  o.s.d.r.c.RepositoryConfigurationExtensionSupport - Spring Data Redis - Could not safely identify store assignment for repository candidate interface com.dividend.repository.CompanyRepository. If you want this repository to be a Redis repository, consider annotating your entities with one of these annotations: org.springframework.data.redis.core.RedisHash (preferred), or consider extending one of the following types with your repository: org.springframework.data.keyvalue.repository.KeyValueRepository.
20:18:12.159 [main] INFO  o.s.d.r.c.RepositoryConfigurationExtensionSupport - Spring Data Redis - Could not safely identify store assignment for repository candidate interface com.dividend.repository.DividendRepository. If you want this repository to be a Redis repository, consider annotating your entities with one of these annotations: org.springframework.data.redis.core.RedisHash (preferred), or consider extending one of the following types with your repository: org.springframework.data.keyvalue.repository.KeyValueRepository.
20:18:12.159 [main] INFO  o.s.d.r.c.RepositoryConfigurationDelegate - Finished Spring Data repository scanning in 10 ms. Found 0 Redis repository interfaces.
20:18:13.095 [main] INFO  o.s.b.w.e.tomcat.TomcatWebServer - Tomcat initialized with port(s): 8080 (http)
20:18:13.110 [main] INFO  o.a.coyote.http11.Http11NioProtocol - Initializing ProtocolHandler ["http-nio-8080"]
20:18:13.111 [main] INFO  o.a.catalina.core.StandardService - Starting service [Tomcat]
20:18:13.111 [main] INFO  o.a.catalina.core.StandardEngine - Starting Servlet engine: [Apache Tomcat/9.0.54]
20:18:13.280 [main] INFO  o.a.c.c.C.[Tomcat].[localhost].[/] - Initializing Spring embedded WebApplicationContext
20:18:13.281 [main] INFO  o.s.b.w.s.c.ServletWebServerApplicationContext - Root WebApplicationContext: initialization completed in 2487 ms
20:18:13.465 [main] INFO  o.h.jpa.internal.util.LogHelper - HHH000204: Processing PersistenceUnitInfo [name: default]
20:18:13.532 [main] INFO  org.hibernate.Version - HHH000412: Hibernate ORM core version 5.4.32.Final
20:18:13.734 [main] INFO  o.h.annotations.common.Version - HCANN000001: Hibernate Commons Annotations {5.1.2.Final}
20:18:13.873 [main] INFO  com.zaxxer.hikari.HikariDataSource - HikariPool-1 - Starting...
20:18:14.288 [main] INFO  com.zaxxer.hikari.HikariDataSource - HikariPool-1 - Start completed.
20:18:14.319 [main] INFO  org.hibernate.dialect.Dialect - HHH000400: Using dialect: org.hibernate.dialect.MySQL8Dialect
20:18:15.891 [main] INFO  o.h.e.t.j.p.i.JtaPlatformInitiator - HHH000490: Using JtaPlatform implementation: [org.hibernate.engine.transaction.jta.platform.internal.NoJtaPlatform]
20:18:15.906 [main] INFO  o.s.o.j.LocalContainerEntityManagerFactoryBean - Initialized JPA EntityManagerFactory for persistence unit 'default'
20:18:15.989 [main] WARN  o.s.b.a.o.j.JpaBaseConfiguration$JpaWebConfiguration - spring.jpa.open-in-view is enabled by default. Therefore, database queries may be performed during view rendering. Explicitly configure spring.jpa.open-in-view to disable this warning
20:18:17.092 [main] INFO  o.s.b.a.s.s.UserDetailsServiceAutoConfiguration - 

Using generated security password: 0fb9e5fa-c3b2-405d-bc7a-89d853d4e526

20:18:17.256 [main] INFO  o.s.s.web.DefaultSecurityFilterChain - Will secure any request with [org.springframework.security.web.context.request.async.WebAsyncManagerIntegrationFilter@237bdbcb, org.springframework.security.web.context.SecurityContextPersistenceFilter@337e573b, org.springframework.security.web.header.HeaderWriterFilter@3adb4cc8, org.springframework.security.web.csrf.CsrfFilter@20b921be, org.springframework.security.web.authentication.logout.LogoutFilter@345d641e, org.springframework.security.web.authentication.UsernamePasswordAuthenticationFilter@54d2887a, org.springframework.security.web.authentication.ui.DefaultLoginPageGeneratingFilter@232be28d, org.springframework.security.web.authentication.ui.DefaultLogoutPageGeneratingFilter@16a15261, org.springframework.security.web.authentication.www.BasicAuthenticationFilter@1443539, org.springframework.security.web.savedrequest.RequestCacheAwareFilter@145f1f97, org.springframework.security.web.servletapi.SecurityContextHolderAwareRequestFilter@1d884a19, org.springframework.security.web.authentication.AnonymousAuthenticationFilter@36ec4071, org.springframework.security.web.session.SessionManagementFilter@f9ac719, org.springframework.security.web.access.ExceptionTranslationFilter@13868c41, org.springframework.security.web.access.intercept.FilterSecurityInterceptor@62cb977a]
20:18:17.353 [main] INFO  o.a.coyote.http11.Http11NioProtocol - Starting ProtocolHandler ["http-nio-8080"]
20:18:17.384 [main] INFO  o.s.b.w.e.tomcat.TomcatWebServer - Tomcat started on port(s): 8080 (http) with context path ''
20:18:17.399 [main] INFO  com.dividend.DividendApplication - Started DividendApplication in 7.64 seconds (JVM running for 9.101)
20:28:45.536 [SpringApplicationShutdownHook] INFO  o.s.o.j.LocalContainerEntityManagerFactoryBean - Closing JPA EntityManagerFactory for persistence unit 'default'
20:28:45.539 [SpringApplicationShutdownHook] INFO  com.zaxxer.hikari.HikariDataSource - HikariPool-1 - Shutdown initiated...
20:28:45.552 [SpringApplicationShutdownHook] INFO  com.zaxxer.hikari.HikariDataSource - HikariPool-1 - Shutdown completed.
